{"currentValue": 9.0, "average": 9.0, "totalCount": 1, "totalValue": 9.0, "maxValue": 9.0, "minValue": 9.0, "sensorName": "Not Set", "timestamp": "2020-02-23 23:38:19.585342"}
{"currentValue": 9.0, "average": 9.0, "totalCount": 1, "totalValue": 9.0, "maxValue": 9.0, "minValue": 9.0, "sensorName": "Not Set", "timestamp": "2020-02-23 23:39:34.276541"}
{
  "currentValue": 9.0,
  "average": 9.0,
  "totalCount": 1,
  "totalValue": 9.0,
  "maxValue": 9.0,
  "minValue": 9.0,
  "sensorName": "Not Set",
  "timestamp": "2020-02-23 23:41:34.718322"
}
{
  "currentValue": 9.0,
  "average": 9.0,
  "totalCount": 1,
  "totalValue": 9.0,
  "maxValue": 9.0,
  "minValue": 9.0,
  "sensorName": "Not Set",
  "timestamp": "2020-02-23 23:57:45.605569"
}
{
  "currentValue": 9.0,
  "average": 9.0,
  "totalCount": 1,
  "totalValue": 9.0,
  "maxValue": 9.0,
  "minValue": 9.0,
  "sensorName": "Not Set",
  "timestamp": "2020-02-24 00:00:04.573478"
}
{
  "currentValue": 9.0,
  "average": 9.0,
  "totalCount": 1,
  "totalValue": 9.0,
  "maxValue": 9.0,
  "minValue": 9.0,
  "sensorName": "Not Set",
  "timestamp": "2020-02-24 00:02:02.962969"
}
{
  "currentValue": 9.0,
  "average": 9.0,
  "totalCount": 1,
  "totalValue": 9.0,
  "maxValue": 9.0,
  "minValue": 9.0,
  "sensorName": "Not Set",
  "timestamp": "2020-02-24 00:07:58.749108"
}
{
  "currentValue": 9.0,
  "average": 9.0,
  "totalCount": 1,
  "totalValue": 9.0,
  "maxValue": 9.0,
  "minValue": 9.0,
  "sensorName": "Not Set",
  "timestamp": "2020-02-24 00:21:19.401243"
}
{
  "currentValue": 9.0,
  "average": 9.0,
  "totalCount": 1,
  "totalValue": 9.0,
  "maxValue": 9.0,
  "minValue": 9.0,
  "sensorName": "Not Set",
  "timestamp": "2020-02-24 00:53:51.619545"
}
